\BOOKMARK [0][-]{part.1}{I Introduction}{}% 1
\BOOKMARK [0][-]{part.2}{II Sp\351cification}{}% 2
\BOOKMARK [1][-]{section.1}{Caract\351ristiques}{part.2}% 3
\BOOKMARK [2][-]{subsection.1.1}{P\351riph\351riques requis}{section.1}% 4
\BOOKMARK [2][-]{subsection.1.2}{Zone tampon}{section.1}% 5
\BOOKMARK [1][-]{section.2}{Comportement de l'interface}{part.2}% 6
\BOOKMARK [2][-]{subsection.2.1}{Lancement}{section.2}% 7
\BOOKMARK [1][-]{section.3}{Diagramme comportemental}{part.2}% 8
\BOOKMARK [1][-]{section.4}{Interface utilisateur}{part.2}% 9
\BOOKMARK [1][-]{section.5}{Liste des erreurs}{part.2}% 10
\BOOKMARK [1][-]{section.6}{Bilan}{part.2}% 11
\BOOKMARK [0][-]{part.3}{III Conception}{}% 12
\BOOKMARK [1][-]{section.7}{Rappel du contexte}{part.3}% 13
\BOOKMARK [1][-]{section.8}{Choix d'une solution}{part.3}% 14
\BOOKMARK [2][-]{subsection.8.1}{Pr\351sentation des alternatives}{section.8}% 15
\BOOKMARK [3][-]{subsubsection.8.1.1}{Points commun des trois solutions}{subsection.8.1}% 16
\BOOKMARK [3][-]{subsubsection.8.1.2}{Solution 1 : structure cons\351cutive}{subsection.8.1}% 17
\BOOKMARK [3][-]{subsubsection.8.1.3}{Solution 2 : structure mixte}{subsection.8.1}% 18
\BOOKMARK [3][-]{subsubsection.8.1.4}{Solution 3 : structure cha\356n\351e}{subsection.8.1}% 19
\BOOKMARK [2][-]{subsection.8.2}{Comparaison des alternatives}{section.8}% 20
\BOOKMARK [1][-]{section.9}{D\351tail de la solution choisie}{part.3}% 21
\BOOKMARK [2][-]{subsection.9.1}{Structuration d'une ligne en m\351moire secondaire et en m\351moire centrale}{section.9}% 22
\BOOKMARK [2][-]{subsection.9.2}{M\351canisme de stockage en m\351moire secondaire permettant l'acc\350s direct}{section.9}% 23
\BOOKMARK [2][-]{subsection.9.3}{Gestion des blocs sur la m\351moire secondaire pour faire de l'acc\350s direct et gestion du texte en m\351moire centrale}{section.9}% 24
\BOOKMARK [2][-]{subsection.9.4}{Gestion de l'espace libre}{section.9}% 25
\BOOKMARK [1][-]{section.10}{Proposition d'architecture}{part.3}% 26
\BOOKMARK [1][-]{section.11}{Bilan}{part.3}% 27
